=== Logger started So 3. Mai 15:41:56 CEST 2026 target=/home/tim/ioBroker.nspanel-lovelace-ui/doc/tasmota_flash_20260503_154156_run5.log tasmota=192.168.1.182 poll=1s ===
00:00:00.020 CFG: Loaded from File, Anzahl 56
00:00:00.027 QPC: Count 1
00:00:00.033 TYA: Active=0
00:00:00.036 ROT: Mode 1
00:00:00.044 BRY: GC from 3680 to 3480 bytes, objects freed 4/20 (in 1 ms) - slots from 36/61 to 28/61
00:00:00.057 CFG: No '*.autoconf' file found
00:00:00.061 BRY: GC from 5368 to 3766 bytes, objects freed 8/37 (in 1 ms) - slots from 57/76 to 37/76
00:00:00.062 BRY: Berry initialized, RAM used 3766 bytes
00:00:00.067 BRY: No 'preinit.be'
00:00:00.069 SRC: Restart
00:00:00.073 Projekt tasmota - Tasmota Version 15.4.0(release-tasmota32)-3.3.7(2026.04.22 12:07:35)
00:00:00.073 DOM: Support 2 Device(s), 2 Button(s), 0 Switch(es) and 11 Sensors
00:00:00.087 CFG: Domoticz loaded from file
00:00:00.087 ETH: No ETH MDC and ETH MDIO GPIO defined
00:00:00.125 BRY: GC from 7585 to 6883 bytes, objects freed 14/89 (in 1 ms) - slots from 119/152 to 93/152
00:00:00.153 BRY: GC from 13886 to 13090 bytes, objects freed 14/156 (in 0 ms) - slots from 165/182 to 138/182
00:00:00.197 BRY: GC from 23334 to 22478 bytes, objects freed 12/254 (in 1 ms) - slots from 222/243 to 201/243
00:00:00.210 NXP: Initializing Driver
00:00:00.212 BRY: Serial UART2
00:00:00.214 BRY: Successfully loaded 'autoexec.be'
00:00:00.296 WIF: Prüfe Verbindung…
00:00:00.296 WIF: Verbindungsversuch…
00:00:01.000 WIF: verbinden mit AP1 kiemen-iot Channel 1 BSSId 94:2A:6F:D6:A6:18 in Modus HT20 als NSPanel-Flur...
00:00:03.571 WIF: Prüfe Verbindung…
00:00:03.572 WIF: Verbindung fehlgeschlagen
00:00:04.270 WIF: verbinden mit AP1 kiemen-iot in Modus HT20 als NSPanel-Flur...
00:00:05.101 WIF: IPv4 192.168.1.182, mask 255.255.255.0, gateway 192.168.1.1
00:00:06.470 WIF: IPv6 Local fe80::c249:efff:fefa:6938%st4
00:00:06.925 CFG: Saved, Anzahl 57, Bytes 4096
00:00:07.057 WIF: Prüfe Verbindung…
00:00:07.057 WIF: verbunden
00:00:07.060 NTP: Sync time...
00:00:07.115 WIF: DNS resolved '2.pool.ntp.org' (213.172.105.106) in 54 ms
00:00:07.229 RTC: UTC 2026-05-03T13:41:39Z, DST 2026-03-29T02:00:00, STD 2026-10-25T03:00:00
15:41:39.000 RTC: Synced by NTP
15:41:39.018 HTP: Web server active on NSPanel-Flur with IP address 192.168.1.182
15:41:39.574 CFG: Saved, Anzahl 58, Bytes 4096
15:41:39.791 MQT: Verbindungsversuch…
15:41:41.513 MQT: TLS connected in 1721 ms, stack low mark 2520
15:41:41.514 MQT: Server fingerprint: 04 46 0F 16 C6 44 58 F8 9E BA C8 DF DD 93 FE A6 B4 C3 92 61
15:41:41.514 MQT: verbunden
15:41:41.518 MQT: nspanel/ns_panel1/tele/LWT = Online (beibehalten)
15:41:41.520 MQT: nspanel/ns_panel1/cmnd/POWER = 
15:41:41.531 MQT: abonniere nspanel/ns_panel1/cmnd/#
15:41:41.537 MQT: nspanel/ns_panel1/tele/INFO1 = {"Info1":{"Module":"NSPanel Flur","Version":"15.4.0(release-tasmota32)","FallbackTopic":"cmnd/NSPanel_Flur-FA6938_fb/","GroupTopic":"nspanel/ns_panel1/cmnd/"}}
15:41:41.552 MQT: nspanel/ns_panel1/tele/INFO2 = {"Info2":{"WebServerMode":"Admin","Hostname":"NSPanel-Flur","IPAddress":"192.168.1.182","IP6Global":"","IP6Local":"fe80::c249:efff:fefa:6938%st4"}}
15:41:41.567 MQT: nspanel/ns_panel1/tele/INFO3 = {"Info3":{"RestartReason":"Vbat power on reset","BootCount":35}}
15:41:41.581 MQT: nspanel/ns_panel1/stat/RESULT = {"POWER1":"OFF"}
15:41:41.584 MQT: nspanel/ns_panel1/stat/POWER1 = OFF
15:41:41.587 MQT: nspanel/ns_panel1/stat/RESULT = {"POWER2":"ON"}
15:41:41.600 MQT: nspanel/ns_panel1/stat/POWER2 = ON
15:41:41.603 TFS: File 'autoexec.bat' not found
15:41:41.603 MQT: TLS cipher suite: ECDHE_RSA_AES_128_GCM_SHA256
15:41:41.611 QPC: Reset
15:41:41.749 SRC: MQTT
15:41:41.750 CMD: Grp 0, Cmd 'CUSTOMSEND', Idx 1, Len 20, Pld -99, Data 'pageType~pageStartup'
15:41:41.764 NXP: payload sent = bytes('55BB140070616765547970657E70616765537461727475704540')
15:41:41.770 MQT: nspanel/ns_panel1/stat/RESULT = {"CustomSend":"Done"}
15:41:43.646 APP: Startvorgänge 35
15:41:44.104 CFG: Saved, Anzahl 59, Bytes 4096
15:41:45.914 BRY: GC from 29936 to 18506 bytes, objects freed 93/232 (in 3 ms) - slots from 377/396 to 168/304
15:41:45.922 MQT: nspanel/ns_panel1/tele/STATE = {"Time":"2026-05-03T15:41:45","Uptime":"0T00:00:13","UptimeSec":13,"Heap":78,"SleepMode":"Dynamic","Sleep":50,"LoadAvg":186,"MqttCount":1,"Berry":{"HeapUsed":18,"Objects":232},"POWER1":"OFF","POWER2":"ON","Wifi":{"AP":1,"SSId":"kiemen-iot","BSSId":"94:2A:6F:7E:DD:62","Channel":1,"Mode":"HT20","RSSI":20,"Signal":-90,"LinkCount":1,"Downtime":"0T00:00:06"},"Hostname":"NSPanel-Flur","IPAddress":"192.168.1.182"}
15:41:45.966 MQT: nspanel/ns_panel1/tele/SENSOR = {"Time":"2026-05-03T15:41:45","ANALOG":{"Temperature1":28.9},"TempUnit":"C"}
15:41:50.647 MQT: tasmota/discovery/C049EFFA6938/config = {"ip":"192.168.1.182","dn":"Tasmota","fn":["NSPanel Flur","Tasmota2",null,null,null,null,null,null],"hn":"NSPanel-Flur","mac":"C049EFFA6938","md":"NSPanel Flur","ty":0,"if":0,"cam":0,"ofln":"Offline","onln":"Online","state":["OFF","ON","TOGGLE","HOLD"],"sw":"15.4.0","t":"tasmota_FA6938","ft":"nspanel/ns_panel1/%prefix%/","tp":["cmnd","stat","tele"],"rl":[1,1,0,0,0,0,0,0,0,0,0,0,0,0,0,0,0,0,0,0,0,0,0,0,0,0,0,0,0,0,0,0],"swc":[-1,-1,-1,-1,-1,-1,-1,-1,-1,-1,-1,-1,-1,-1,-1,-1,-1,-1,-1,-1,-1,-1,-1,-1,-1,-1,-1,-1,-1,-1,-1,-1],"swn":[null,null,null,null,null,null,null,null,null,null,null,null,null,null,null,null,null,null,null,null,null,null,null,null,null,null,null,null,null,null,null,null],"btn":[0,0,0,0,0,0,0,0,0,0,0,0,0,0,0,0,0,0,0,0,0,0,0,0,0,0,0,0,0,0,0,0],"so":{"4":0,"11":0,"13":0,"17":0,"20":0,"30":0,"68":0,"73":0,"82":0,"114":0,"117":0},"lk":0,"lt_st":0,"bat":0,"dslp":0,"sho":[],"sht":[],"ver":1} (beibehalten)
15:41:50.658 MQT: tasmota/discovery/C049EFFA6938/sensors = {"sn":{"Time":"2026-05-03T15:41:50","ANALOG":{"Temperature1":29.0},"TempUnit":"C"},"ver":1} (beibehalten)
15:41:55.904 HTP: Befehl
15:41:55.908 SRC: WebCommand from 192.168.178.65
15:41:55.909 CMD: Grp 0, Cmd 'WEBLOG', Idx 1, Len 1, Pld 4, Data '4'
15:41:55.913 MQT: nspanel/ns_panel1/stat/RESULT = {"WebLog":4}
15:41:58.350 HTP: Befehl
15:41:58.353 SRC: WebCommand from 192.168.178.65
15:41:58.354 CMD: Grp 0, Cmd 'FLASHNEXTIONADV', Idx 0, Len 38, Pld -99, Data 'http://192.168.178.65:8765/nspanel.tft'
15:41:58.365 MQT: nspanel/ns_panel1/stat/RESULT = {"FlashNextionAdv":"Done"}
15:41:58.382 FLH: host: 192.168.178.65, port: 8765, get: /nspanel.tft
15:41:58.433 FLH: Connected:true
15:41:58.535 FLH: Retry 2
15:41:58.538 FLH: initial readbytes returned 1642 bytes
15:41:58.559 BRY: GC from 28790 to 20995 bytes, objects freed 77/246 (in 6 ms) - slots from 242/304 to 182/304
15:41:58.608 BRY: GC from 31261 to 20947 bytes, objects freed 162/245 (in 13 ms) - slots from 236/304 to 182/304
15:41:58.655 BRY: GC from 31261 to 20947 bytes, objects freed 162/245 (in 13 ms) - slots from 236/304 to 182/304
15:41:58.704 BRY: GC from 31261 to 20947 bytes, objects freed 162/245 (in 14 ms) - slots from 236/304 to 182/304
15:41:58.719 FLH: header found at byte 199 (header=206 B, body remainder=1436 B)
15:41:58.720 FLH: HTTP Respose is 200 OK or 206 Partial Content
15:41:58.721 FLH: find('Content-Length: ') = 132
15:41:58.722 FLH: content-length slice = '12227824' (len=8)
15:41:58.722 FLH: int(s) = 12227824
15:41:58.723 FLH: Flash file size: 12227824
15:41:58.724 SRC: Berry
15:41:58.725 CMD: Grp 0, Cmd 'RULETIMER', Idx 3, Len 1, Pld 0, Data '0'
15:41:58.732 MQT: nspanel/ns_panel1/stat/RESULT = {"T1":0,"T2":0,"T3":0,"T4":0,"T5":0,"T6":0,"T7":0,"T8":0}
15:41:58.735 SRC: Berry
15:41:58.737 CMD: Grp 0, Cmd 'RULE', Idx 3, Len 1, Pld 0, Data '0'
15:41:58.742 MQT: nspanel/ns_panel1/stat/RESULT = {"Rule3":{"State":"OFF","Once":"OFF","StopOnError":"OFF","Length":285,"Free":226,"Rules":"ON CustomSend DO RuleTimer3 140 ENDON ON Rules#Timer=3 DO CustomSend pageType~pageStartup ENDON ON Button1#state do Publish nspanel/ns_panel1/tele/RESULT {\"CustomRecv\":\"event,button1\"} ENDON ON Button2#state do Publish nspanel/ns_panel1/tele/RESULT {\"CustomRecv\":\"event,button2\"} ENDON"}}
15:41:58.781 NXP: Nextion command sent = bytes('4452414B4A485355594447424E434A48474A4B534842444EFFFFFF')
15:41:58.783 NXP: Nextion command sent = bytes('7265636D6F643D30FFFFFF')
15:41:58.786 NXP: Nextion command sent = bytes('636F6E6E656374FFFFFF')
15:41:58.791 NXP: Received Raw = bytes('1AFFFFFF')
15:41:58.801 BRY: GC from 31193 to 20591 bytes, objects freed 98/241 (in 7 ms) - slots from 246/304 to 176/304
15:41:58.802 FLH: UNKNOWN display response in flash_mode (size=4, hex=bytes('1AFFFFFF'))
15:42:02.092 NXP: Received Raw = bytes('636F6D6F6B20322C33303631342D302C4E5834383332463033355F303131432C...')
15:42:02.113 FLH: Send (High Speed) flash start
15:42:02.117 NXP: Nextion command sent = bytes('77686D692D777269732031323232373832342C3932313630302C72657330FFFF...')
15:42:02.140 BRY: Serial UART2
15:42:02.465 NXP: Received Raw = bytes('05')
15:42:02.468 FLH: write_block ENTER #1 buf=1436 written=0 size=12227824 tcp_conn=true avail=5760
15:42:02.474 BRY: GC from 32325 to 28786 bytes, objects freed 29/239 (in 2 ms) - slots from 195/304 to 173/304
15:42:02.478 BRY: GC from 40099 to 24663 bytes, objects freed 6/238 (in 1 ms) - slots from 173/304 to 173/304
15:42:02.484 MQT: nspanel/ns_panel1/tele/RESULT = {"Flashing":{"complete": "0", "time_elapsed": 0}}
15:42:02.577 FLH: Read block - Writing: 4096 - Total: 4096 - Buffer size: 1436
15:42:02.578 FLH: write_block EXIT #1 remain=12223728 tcp_conn=true
15:42:04.743 NXP: Received Raw = bytes('08')
15:42:04.745 FLH: Waiting offset...
15:42:07.457 NXP: Received Raw = bytes('0000A000')
15:42:07.458 FLH: Flash offset marker 10485760
15:42:07.461 FLH: host: 192.168.178.65, port: 8765, get: /nspanel.tft
15:42:07.473 FLH: Connected:true
15:42:07.576 FLH: Retry 2
15:42:07.581 FLH: initial readbytes returned 206 bytes
15:42:07.616 BRY: GC from 34939 to 21096 bytes, objects freed 121/246 (in 13 ms) - slots from 259/304 to 181/304
15:42:07.664 BRY: GC from 31351 to 21085 bytes, objects freed 161/246 (in 13 ms) - slots from 234/304 to 180/304
15:42:07.713 BRY: GC from 31351 to 21037 bytes, objects freed 162/245 (in 13 ms) - slots from 234/304 to 180/304
15:42:07.760 BRY: GC from 31351 to 21037 bytes, objects freed 162/245 (in 13 ms) - slots from 234/304 to 180/304
15:42:07.766 FLH: header found at byte 199 (header=206 B, body remainder=0 B)
15:42:07.767 FLH: HTTP Respose is 200 OK or 206 Partial Content
15:42:07.817 FLH: Wait for available...
15:42:07.868 FLH: Wait for available...
15:42:07.918 FLH: Wait for available...
15:42:07.968 FLH: Wait for available...
15:42:08.018 FLH: Wait for available...
15:42:08.068 FLH: Wait for available...
15:42:08.118 FLH: Wait for available...
15:42:08.169 FLH: Wait for available...
15:42:08.223 FLH: Wait for available...
15:42:08.274 FLH: Wait for available...
15:42:08.324 FLH: Wait for available...
15:42:08.374 FLH: Wait for available...
15:42:08.424 FLH: Wait for available...
15:42:08.474 FLH: Wait for available...
15:42:08.524 FLH: Wait for available...
15:42:08.574 FLH: Wait for available...
15:42:08.624 FLH: Wait for available...
15:42:08.674 FLH: Wait for available...
15:42:08.724 FLH: Wait for available...
15:42:08.774 FLH: Wait for available...
15:42:08.824 FLH: Wait for available...
15:42:08.874 FLH: Wait for available...
15:42:08.924 FLH: Wait for available...
15:42:08.974 FLH: Wait for available...
15:42:09.025 FLH: Wait for available...
15:42:09.075 FLH: Wait for available...
15:42:09.125 FLH: Wait for available...
15:42:09.175 FLH: Wait for available...
15:42:09.225 FLH: Wait for available...
15:42:09.275 FLH: Wait for available...
15:42:09.325 FLH: Wait for available...
15:42:09.376 FLH: Wait for available...
15:42:09.426 FLH: Wait for available...
15:42:09.477 FLH: Wait for available...
15:42:09.529 FLH: Wait for available...
15:42:09.580 FLH: Wait for available...
15:42:09.631 FLH: Wait for available...
15:42:09.681 FLH: Wait for available...
15:42:09.732 FLH: Wait for available...
15:42:09.737 BRY: GC from 35201 to 23366 bytes, objects freed 36/237 (in 3 ms) - slots from 192/304 to 173/304
15:42:09.743 BRY: GC from 33771 to 23442 bytes, objects freed 6/238 (in 1 ms) - slots from 173/304 to 173/304
15:42:09.748 MQT: nspanel/ns_panel1/tele/RESULT = {"Flashing":{"complete": "85", "time_elapsed": 7}}
15:42:10.502 NXP: Received Raw = bytes('05')
15:42:10.508 BRY: GC from 36687 to 27550 bytes, objects freed 7/238 (in 2 ms) - slots from 181/304 to 173/304
15:42:10.602 WIF: Prüfe Verbindung…
15:42:10.964 NXP: Received Raw = bytes('05')
15:42:11.018 FLH: Wait for available...
15:42:11.069 FLH: Wait for available...
15:42:11.119 FLH: Wait for available...
15:42:11.169 FLH: Wait for available...
15:42:11.220 FLH: Wait for available...
15:42:11.270 FLH: Wait for available...
15:42:11.321 FLH: Wait for available...
15:42:11.371 FLH: Wait for available...
15:42:11.421 FLH: Wait for available...
15:42:11.472 FLH: Wait for available...
15:42:11.522 FLH: Wait for available...
15:42:11.573 FLH: Wait for available...
15:42:11.623 FLH: Wait for available...
15:42:11.674 FLH: Wait for available...
15:42:11.725 FLH: Wait for available...
15:42:11.776 FLH: Wait for available...
15:42:11.827 FLH: Wait for available...
15:42:11.878 FLH: Wait for available...
15:42:11.929 FLH: Wait for available...
15:42:11.979 FLH: Wait for available...
15:42:11.982 BRY: GC from 38479 to 22161 bytes, objects freed 12/237 (in 2 ms) - slots from 177/304 to 173/304
15:42:12.035 FLH: Wait for available...
15:42:12.086 FLH: Wait for available...
15:42:12.137 FLH: Wait for available...
15:42:12.187 FLH: Wait for available...
15:42:12.238 FLH: Wait for available...
15:42:12.288 FLH: Wait for available...
15:42:12.338 FLH: Wait for available...
15:42:12.388 FLH: Wait for available...
15:42:12.438 FLH: Wait for available...
15:42:12.488 FLH: Wait for available...
15:42:12.538 FLH: Wait for available...
15:42:12.588 FLH: Wait for available...
15:42:12.639 FLH: Wait for available...
15:42:12.689 FLH: Wait for available...
15:42:12.739 FLH: Wait for available...
15:42:12.790 FLH: Wait for available...
15:42:12.840 FLH: Wait for available...
15:42:12.891 FLH: Wait for available...
15:42:12.942 FLH: Wait for available...
15:42:12.992 FLH: Wait for available...
15:42:13.043 FLH: Wait for available...
15:42:13.093 FLH: Wait for available...
15:42:13.144 FLH: Wait for available...
15:42:13.194 FLH: Wait for available...
15:42:13.245 FLH: Wait for available...
15:42:13.295 FLH: Wait for available...
15:42:13.345 FLH: Wait for available...
15:42:13.396 FLH: Wait for available...
15:42:13.447 FLH: Wait for available...
15:42:13.497 FLH: Wait for available...
15:42:13.547 FLH: Wait for available...
15:42:13.598 FLH: Wait for available...
15:42:13.649 FLH: Wait for available...
15:42:13.700 FLH: Wait for available...
15:42:13.750 FLH: Wait for available...
15:42:13.801 FLH: Wait for available...
15:42:13.851 FLH: Wait for available...
15:42:13.901 FLH: Wait for available...
15:42:13.952 FLH: Wait for available...
15:42:14.002 FLH: Wait for available...
15:42:14.053 FLH: Wait for available...
15:42:22.269 NXP: Received Raw = bytes('05')
15:42:22.275 BRY: GC from 46457 to 30456 bytes, objects freed 9/239 (in 1 ms) - slots from 177/304 to 173/304
15:42:22.279 BRY: GC from 41913 to 34643 bytes, objects freed 2/240 (in 1 ms) - slots from 173/304 to 173/304
15:42:22.780 NXP: Received Raw = bytes('05')
15:42:22.787 BRY: GC from 49529 to 27668 bytes, objects freed 11/238 (in 2 ms) - slots from 178/304 to 173/304
15:42:22.795 MQT: nspanel/ns_panel1/tele/RESULT = {"Flashing":{"complete": "86", "time_elapsed": 20}}
15:42:22.917 NXP: Received Raw = bytes('05')
15:42:22.969 FLH: Wait for available...
15:42:23.020 FLH: Wait for available...
15:42:23.071 FLH: Wait for available...
15:42:23.122 FLH: Wait for available...
15:42:23.175 FLH: Wait for available...
15:42:23.226 FLH: Wait for available...
15:42:23.277 FLH: Wait for available...
15:42:23.328 FLH: Wait for available...
15:42:23.331 BRY: GC from 43286 to 25081 bytes, objects freed 12/237 (in 2 ms) - slots from 181/304 to 173/304
15:42:23.338 BRY: GC from 38338 to 32243 bytes, objects freed 2/240 (in 1 ms) - slots from 173/304 to 173/304
15:42:23.522 NXP: Received Raw = bytes('05')
15:42:23.574 FLH: Wait for available...
15:42:23.625 FLH: Wait for available...
15:42:23.676 FLH: Wait for available...
15:42:23.727 FLH: Wait for available...
15:42:23.778 FLH: Wait for available...
15:42:23.829 FLH: Wait for available...
15:42:23.880 FLH: Wait for available...
15:42:23.931 FLH: Wait for available...
15:42:23.981 FLH: Wait for available...
15:42:24.032 FLH: Wait for available...
15:42:24.083 FLH: Wait for available...
15:42:24.134 FLH: Wait for available...
15:42:24.185 FLH: Wait for available...
15:42:24.236 FLH: Wait for available...
15:42:24.287 FLH: Wait for available...
15:42:24.338 FLH: Wait for available...
15:42:24.389 FLH: Wait for available...
15:42:24.440 FLH: Wait for available...
15:42:24.491 FLH: Wait for available...
15:42:24.542 FLH: Wait for available...
15:42:24.593 FLH: Wait for available...
15:42:24.644 FLH: Wait for available...
15:42:24.695 FLH: Wait for available...
15:42:24.746 FLH: Wait for available...
15:42:24.797 FLH: Wait for available...
15:42:24.848 FLH: Wait for available...
15:42:24.899 FLH: Wait for available...
15:42:24.950 FLH: Wait for available...
15:42:25.001 FLH: Wait for available...
15:42:25.052 FLH: Wait for available...
15:42:25.057 BRY: GC from 43779 to 25293 bytes, objects freed 12/237 (in 2 ms) - slots from 177/304 to 173/304
15:42:25.064 BRY: GC from 38762 to 32455 bytes, objects freed 2/240 (in 1 ms) - slots from 173/304 to 173/304
15:42:25.640 NXP: Received Raw = bytes('05')
15:42:25.647 BRY: GC from 43305 to 29492 bytes, objects freed 9/239 (in 1 ms) - slots from 177/304 to 173/304
15:42:25.652 BRY: GC from 39985 to 33679 bytes, objects freed 2/240 (in 0 ms) - slots from 173/304 to 173/304
15:42:27.224 NXP: Received Raw = bytes('05')
15:42:27.230 BRY: GC from 44507 to 29492 bytes, objects freed 9/239 (in 2 ms) - slots from 178/304 to 173/304
15:42:27.235 BRY: GC from 39985 to 33679 bytes, objects freed 2/240 (in 1 ms) - slots from 173/304 to 173/304
15:42:29.299 NXP: Received Raw = bytes('05')
15:42:29.306 BRY: GC from 48430 to 27912 bytes, objects freed 11/238 (in 2 ms) - slots from 177/304 to 173/304
15:44:17.143 FLH: Wait for available...
15:44:17.194 FLH: Wait for available...
15:44:17.245 FLH: Wait for available...
15:44:17.296 FLH: Wait for available...
15:44:17.347 FLH: Wait for available...
15:44:17.398 FLH: Wait for available...
15:44:17.449 FLH: Wait for available...
15:44:17.500 FLH: Wait for available...
15:44:17.551 FLH: Wait for available...
15:44:17.602 FLH: Wait for available...
15:44:17.653 FLH: Wait for available...
15:44:17.704 FLH: Wait for available...
15:44:17.755 FLH: Wait for available...
15:44:17.806 FLH: Wait for available...
15:44:17.857 FLH: Wait for available...
15:44:17.908 FLH: Wait for available...
15:44:17.959 FLH: Wait for available...
15:44:18.010 FLH: Wait for available...
15:44:18.061 FLH: Wait for available...
15:44:18.112 FLH: Wait for available...
15:44:18.163 FLH: Wait for available...
15:44:18.214 FLH: Wait for available...
15:44:18.265 FLH: Wait for available...
15:44:18.316 FLH: Wait for available...
15:44:18.367 FLH: Wait for available...
15:44:18.418 FLH: Wait for available...
15:44:18.469 FLH: Wait for available...
15:44:18.520 FLH: Wait for available...
15:44:18.571 FLH: Wait for available...
15:44:18.622 FLH: Wait for available...
15:44:18.673 FLH: Wait for available...
15:44:18.724 FLH: Wait for available...
15:44:18.775 FLH: Wait for available...
15:44:18.826 FLH: Wait for available...
15:44:18.877 FLH: Wait for available...
15:44:18.928 FLH: Wait for available...
15:44:18.979 FLH: Wait for available...
15:44:19.030 FLH: Wait for available...
15:44:19.081 FLH: Wait for available...
15:44:19.132 FLH: Wait for available...
15:44:19.183 FLH: Wait for available...
15:44:19.234 FLH: Wait for available...
15:44:19.285 FLH: Wait for available...
15:44:19.336 FLH: Wait for available...
15:44:19.387 FLH: Wait for available...
15:44:19.438 FLH: Wait for available...
15:44:19.489 FLH: Wait for available...
15:44:19.540 FLH: Wait for available...
15:44:19.591 FLH: Wait for available...
15:44:19.642 FLH: Wait for available...
15:44:19.693 FLH: Wait for available...
15:44:19.744 FLH: Wait for available...
15:44:19.795 FLH: Wait for available...
15:44:19.846 FLH: Wait for available...
15:44:19.897 FLH: Wait for available...
15:44:19.948 FLH: Wait for available...
15:44:19.999 FLH: Wait for available...
15:44:20.050 FLH: Wait for available...
15:44:20.101 FLH: Wait for available...
15:44:20.103 FLH: TIMEOUT in wait loop after 589 iters, buf=818, forcing exit
15:44:20.105 FLH: waited 589 iters (30037 ms) for tcp data, buf=818 tcp_conn=true
15:44:27.125 MQT: Verbindungsversuch…
15:44:35.007 MQT: TLS connected in 7881 ms, stack low mark 2520
15:44:35.009 MQT: Server fingerprint: 04 46 0F 16 C6 44 58 F8 9E BA C8 DF DD 93 FE A6 B4 C3 92 61
15:44:35.010 MQT: verbunden
15:44:35.014 MQT: nspanel/ns_panel1/tele/LWT = Online (beibehalten)
15:44:35.017 MQT: nspanel/ns_panel1/cmnd/POWER = 
15:44:35.018 MQT: abonniere nspanel/ns_panel1/cmnd/#
15:44:35.021 MQT: TLS cipher suite: ECDHE_RSA_AES_128_GCM_SHA256
15:44:35.043 MQT: tasmota/discovery/C049EFFA6938/config = {"ip":"192.168.1.182","dn":"Tasmota","fn":["NSPanel Flur","Tasmota2",null,null,null,null,null,null],"hn":"NSPanel-Flur","mac":"C049EFFA6938","md":"NSPanel Flur","ty":0,"if":0,"cam":0,"ofln":"Offline","onln":"Online","state":["OFF","ON","TOGGLE","HOLD"],"sw":"15.4.0","t":"tasmota_FA6938","ft":"nspanel/ns_panel1/%prefix%/","tp":["cmnd","stat","tele"],"rl":[1,1,0,0,0,0,0,0,0,0,0,0,0,0,0,0,0,0,0,0,0,0,0,0,0,0,0,0,0,0,0,0],"swc":[-1,-1,-1,-1,-1,-1,-1,-1,-1,-1,-1,-1,-1,-1,-1,-1,-1,-1,-1,-1,-1,-1,-1,-1,-1,-1,-1,-1,-1,-1,-1,-1],"swn":[null,null,null,null,null,null,null,null,null,null,null,null,null,null,null,null,null,null,null,null,null,null,null,null,null,null,null,null,null,null,null,null],"btn":[0,0,0,0,0,0,0,0,0,0,0,0,0,0,0,0,0,0,0,0,0,0,0,0,0,0,0,0,0,0,0,0],"so":{"4":0,"11":0,"13":0,"17":0,"20":0,"30":0,"68":0,"73":0,"82":0,"114":0,"117":0},"lk":0,"lt_st":0,"bat":0,"dslp":0,"sho":[],"sht":[],"ver":1} (beibehalten)
15:44:35.063 MQT: tasmota/discovery/C049EFFA6938/sensors = {"sn":{"Time":"2026-05-03T15:44:35","ANALOG":{"Temperature1":29.0},"TempUnit":"C"},"ver":1} (beibehalten)
15:44:35.454 SRC: MQTT
15:44:35.455 CMD: Grp 0, Cmd 'CUSTOMSEND', Idx 1, Len 20, Pld -99, Data 'pageType~pageStartup'
15:44:35.468 NXP: skipped command because still flashing
15:44:35.475 MQT: nspanel/ns_panel1/stat/RESULT = {"CustomSend":"Done"}
15:44:49.520 WIF: Prüfe Verbindung…
15:45:09.521 WIF: Prüfe Verbindung…
15:45:29.523 WIF: Prüfe Verbindung…
15:45:30.020 HTP: Befehl
15:45:30.024 SRC: WebCommand from 192.168.178.65
15:45:30.025 CMD: Grp 0, Cmd 'STATUS', Idx 1, Len 2, Pld 11, Data '11'
15:45:30.030 BRY: GC from 34601 to 19013 bytes, objects freed 74/237 (in 3 ms) - slots from 308/335 to 172/304
15:45:30.038 MQT: nspanel/ns_panel1/stat/STATUS11 = {"StatusSTS":{"Time":"2026-05-03T15:45:30","Uptime":"0T00:03:58","UptimeSec":238,"Heap":73,"SleepMode":"Dynamic","Sleep":50,"LoadAvg":21,"MqttCount":2,"Berry":{"HeapUsed":18,"Objects":237},"POWER1":"OFF","POWER2":"ON","Wifi":{"AP":1,"SSId":"kiemen-iot","BSSId":"94:2A:6F:7E:DD:62","Channel":1,"Mode":"HT20","RSSI":20,"Signal":-90,"LinkCount":1,"Downtime":"0T00:00:06"},"Hostname":"NSPanel-Flur","IPAddress":"192.168.1.182"}}
15:45:49.505 WIF: Prüfe Verbindung…
15:45:59.157 SRC: MQTT
15:45:59.158 CMD: Grp 0, Cmd 'STATUS', Idx 0, Len 0, Pld -99, Data ''
15:45:59.185 BRY: GC from 19672 to 19013 bytes, objects freed 1/237 (in 1 ms) - slots from 173/304 to 172/304
15:45:59.206 MQT: nspanel/ns_panel1/stat/STATUS0 = {"Status":{"Module":0,"DeviceName":"Tasmota","FriendlyName":["NSPanel Flur","Tasmota2"],"Topic":"tasmota_FA6938","ButtonTopic":"0","Power":"10","PowerLock":"00","PowerOnState":3,"LedState":1,"LedMask":"FFFF","SaveData":1,"SaveState":1,"SwitchTopic":"0","SwitchMode":[0,0,0,0,0,0,0,0,0,0,0,0,0,0,0,0,0,0,0,0,0,0,0,0,0,0,0,0,0,0,0,0],"ButtonRetain":0,"SwitchRetain":0,"SensorRetain":0,"PowerRetain":0,"InfoRetain":0,"StateRetain":0,"StatusRetain":0},"StatusPRM":{"Baudrate":115200,"SerialConfig":"8N1","GroupTopic":"tasmotas","OtaUrl":"http://ota.tasmota.com/tasmota32/release/tasmota32-DE.bin","RestartReason":"Vbat power on reset","Uptime":"0T00:04:27","StartupUTC":"2026-05-03T13:41:32","Sleep":50,"CfgHolder":4617,"BootCount":35,"BCResetTime":"2026-05-02T21:57:30","SaveCount":59},"StatusFWR":{"Version":"15.4.0(release-tasmota32)","BuildDateTime":"2026.04.22 12:07:35","Core":"3.3.7","SDK":"5.3.4.260127","CpuFrequency":160,"Hardware":"ESP32-D0WD-V3 v3.0","CR":"554/699"},"StatusLOG":{"SerialLog":2,"WebLog":4,"MqttLog":0,"FileLog":0,"SysLog":0,"LogHost":"","LogPort":514,"SSId":["kiemen-iot",""],"TelePeriod":300,"Resolution":"558180C0","SetOption":["00008009","2805C80001000600003C5A0A192800000000","00000080","20206000","00044000","00000000"]},"StatusMEM":{"ProgramSize":2070,"Free":809,"Heap":92,"StackLowMark":2,"PsrMax":0,"PsrFree":0,"ProgramFlashSize":4096,"FlashSize":4096,"FlashChipId":"16405E","FlashFrequency":80,"FlashMode":"DIO","Features":["0407","9F9AD7DF","0015A001","B7F7BFCF","05DA9BC4","E0360DC7","480840D2","20200000","D4BC482D","810A80F1","00200814"],"Drivers":"1,2,!3,!4,!5,7,!8,9,10,11,12,!14,!16,!17,!20,!21,24,26,!27,29,!34,!35,38,50,52,!59,!60,62,!63,!66,!67,!68,!73,!75,82,!86,!87,!88,!91,!121","Sensors":"1,2,3,5,6,7,8,9,10,11,12,13,14,15,17,18,19,20,21,22,26,31,34,37,39,40,42,43,45,51,52,55,56,58,59,64,66,67,74,85,92,95,98,103,105,109,119,127","I2CDriver":"7,8,9,10,11,12,13,14,15,17,18,20,24,29,31,36,41,42,44,46,48,58,62,65,69,76,77,82,89,97"},"StatusNET":{"Hostname":"NSPanel-Flur","IPAddress":"192.168.1.182","Gateway":"192.168.1.1","Subnetmask":"255.255.255.0","DNSServer1":"192.168.1.1","DNSServer2":"0.0.0.0","Mac":"C0:49:EF:FA:69:38","IP6Global":"","IP6Local":"fe80::c249:efff:fefa:6938%st4","Ethernet":{"Hostname":"","IPAddress":"0.0.0.0","Gateway":"0.0.0.0","Subnetmask":"0.0.0.0","DNSServer1":"192.168.1.1","DNSServer2":"0.0.0.0","Mac":"00:00:00:00:00:00","IP6Global":"","IP6Local":""},"Webserver":2,"HTTP_API":1,"WifiConfig":4,"WifiPower":16.0},"StatusMQT":{"MqttHost":"192.168.1.7","MqttPort":8883,"MqttClientMask":"NSPanel_Flur-FA6938","MqttClient":"NSPanel_Flur-FA6938","MqttUser":"FAVVZKtZlWZNAJk","MqttCount":2,"MqttTLS":1,"MAX_PACKET_SIZE":1200,"KEEPALIVE":30,"SOCKET_TIMEOUT":4},"StatusTIM":{"UTC":"2026-05-03T13:45:59Z","Local":"2026-05-03T15:45:59","StartDST":"2026-03-29T02:00:00","EndDST":"2026-10-25T03:00:00","Timezone":99,"Sunrise":"06:26","Sunset":"21:07"},"StatusSNS":{"Time":"2026-05-03T15:45:59","ANALOG":{"Temperature1":29.1},"TempUnit":"C"},"StatusSTS":{"Time":"2026-05-03T15:45:59","Uptime":"0T00:04:27","UptimeSec":267,"Heap":90,"SleepMode":"Dynamic","Sleep":50,"LoadAvg":19,"MqttCount":2,"Berry":{"HeapUsed":18,"Objects":237},"POWER1":"OFF","POWER2":"ON","Wifi":{"AP":1,"SSId":"kiemen-iot","BSSId":"94:2A:6F:7E:DD:62","Channel":1,"Mode":"HT20","RSSI":28,"Signal":-86,"LinkCount":1,"Downtime":"0T00:00:06"},"Hostname":"NSPanel-Flur","IPAddress":"192.168.1.182"}}
15:46:09.769 WIF: Prüfe Verbindung…
15:46:29.769 WIF: Prüfe Verbindung…
15:46:49.769 WIF: Prüfe Verbindung…