=== Logger started So 3. Mai 15:05:58 CEST 2026 target=/home/tim/ioBroker.nspanel-lovelace-ui/doc/tasmota_flash_20260503_150558.log tasmota=192.168.1.182 poll=1s ===
00:00:00.001 HDW: ESP32-D0WD-V3 v3.0 
00:00:00.023 UFS: FlashFS mounted with 284 kB free
00:00:00.029 CFG: Loaded from File, Anzahl 47
00:00:00.036 QPC: Count 1
00:00:00.042 TYA: Active=0
00:00:00.045 ROT: Mode 1
00:00:00.053 BRY: GC from 3680 to 3480 bytes, objects freed 4/20 (in 1 ms) - slots from 36/61 to 28/61
00:00:00.071 CFG: No '*.autoconf' file found
00:00:00.075 BRY: GC from 5368 to 3766 bytes, objects freed 8/37 (in 1 ms) - slots from 57/76 to 37/76
00:00:00.075 BRY: Berry initialized, RAM used 3766 bytes
00:00:00.081 BRY: No 'preinit.be'
00:00:00.084 SRC: Restart
00:00:00.087 Projekt tasmota - Tasmota Version 15.4.0(release-tasmota32)-3.3.7(2026.04.22 12:07:35)
00:00:00.088 DOM: Support 2 Device(s), 2 Button(s), 0 Switch(es) and 11 Sensors
00:00:00.108 CFG: Domoticz loaded from file
00:00:00.109 ETH: No ETH MDC and ETH MDIO GPIO defined
00:00:00.153 BRY: GC from 7567 to 6865 bytes, objects freed 14/88 (in 1 ms) - slots from 118/152 to 92/152
00:00:00.181 BRY: GC from 13772 to 12976 bytes, objects freed 14/156 (in 0 ms) - slots from 165/182 to 138/182
00:00:00.225 BRY: GC from 23250 to 22146 bytes, objects freed 16/254 (in 1 ms) - slots from 227/243 to 199/243
00:00:00.236 NXP: Initializing Driver
00:00:00.238 BRY: Serial UART2
00:00:00.240 BRY: Successfully loaded 'autoexec.be'
00:00:00.523 WIF: Prüfe Verbindung…
00:00:00.524 WIF: Verbindungsversuch…
00:00:01.224 WIF: verbinden mit AP1 kiemen-iot Channel 1 BSSId 94:2A:6F:7E:DD:62 in Modus HT20 als NSPanel-Flur...
00:00:02.215 WIF: IPv4 192.168.1.182, mask 255.255.255.0, gateway 192.168.1.1
00:00:03.688 WIF: IPv6 Local fe80::c249:efff:fefa:6938%st2
00:00:03.905 WIF: Prüfe Verbindung…
00:00:03.905 WIF: verbunden
00:00:03.954 NTP: Sync time...
00:00:04.030 WIF: DNS resolved '2.pool.ntp.org' (91.98.23.146) in 74 ms
00:00:04.244 RTC: UTC 2026-05-03T13:04:18Z, DST 2026-03-29T02:00:00, STD 2026-10-25T03:00:00
15:04:18.000 RTC: Synced by NTP
15:04:18.018 HTP: Web server active on NSPanel-Flur with IP address 192.168.1.182
15:04:19.111 MQT: Verbindungsversuch…
15:04:21.787 MQT: TLS connected in 2675 ms, stack low mark 2520
15:04:21.788 MQT: Server fingerprint: 04 46 0F 16 C6 44 58 F8 9E BA C8 DF DD 93 FE A6 B4 C3 92 61
15:04:21.788 MQT: verbunden
15:04:21.792 MQT: nspanel/ns_panel1/tele/LWT = Online (beibehalten)
15:04:21.794 MQT: nspanel/ns_panel1/cmnd/POWER = 
15:04:21.805 MQT: abonniere nspanel/ns_panel1/cmnd/#
15:04:21.811 MQT: nspanel/ns_panel1/tele/INFO1 = {"Info1":{"Module":"NSPanel Flur","Version":"15.4.0(release-tasmota32)","FallbackTopic":"cmnd/NSPanel_Flur-FA6938_fb/","GroupTopic":"nspanel/ns_panel1/cmnd/"}}
15:04:21.826 MQT: nspanel/ns_panel1/tele/INFO2 = {"Info2":{"WebServerMode":"Admin","Hostname":"NSPanel-Flur","IPAddress":"192.168.1.182","IP6Global":"","IP6Local":"fe80::c249:efff:fefa:6938%st2"}}
15:04:21.841 MQT: nspanel/ns_panel1/tele/INFO3 = {"Info3":{"RestartReason":"Software reset CPU","BootCount":28}}
15:04:21.855 MQT: nspanel/ns_panel1/stat/RESULT = {"POWER1":"OFF"}
15:04:21.858 MQT: nspanel/ns_panel1/stat/POWER1 = OFF
15:04:21.861 MQT: nspanel/ns_panel1/stat/RESULT = {"POWER2":"ON"}
15:04:21.874 MQT: nspanel/ns_panel1/stat/POWER2 = ON
15:04:21.877 TFS: File 'autoexec.bat' not found
15:04:21.877 MQT: TLS cipher suite: ECDHE_RSA_AES_128_GCM_SHA256
15:04:22.273 SRC: MQTT
15:04:22.275 CMD: Grp 0, Cmd 'CUSTOMSEND', Idx 1, Len 20, Pld -99, Data 'pageType~pageStartup'
15:04:22.289 NXP: payload sent = bytes('55BB140070616765547970657E70616765537461727475704540')
15:04:22.294 MQT: nspanel/ns_panel1/stat/RESULT = {"CustomSend":"Done"}
15:04:22.978 QPC: Reset
15:04:24.973 APP: Startvorgänge 28
15:04:24.977 BRY: GC from 29476 to 18336 bytes, objects freed 89/231 (in 2 ms) - slots from 369/396 to 167/304
15:04:24.987 MQT: nspanel/ns_panel1/tele/STATE = {"Time":"2026-05-03T15:04:24","Uptime":"0T00:00:10","UptimeSec":10,"Heap":91,"SleepMode":"Dynamic","Sleep":50,"LoadAvg":33,"MqttCount":1,"Berry":{"HeapUsed":17,"Objects":231},"POWER1":"OFF","POWER2":"ON","Wifi":{"AP":1,"SSId":"kiemen-iot","BSSId":"94:2A:6F:7E:DD:62","Channel":1,"Mode":"HT20","RSSI":22,"Signal":-89,"LinkCount":1,"Downtime":"0T00:00:03"},"Hostname":"NSPanel-Flur","IPAddress":"192.168.1.182"}
15:04:25.031 MQT: nspanel/ns_panel1/tele/SENSOR = {"Time":"2026-05-03T15:04:25","ANALOG":{"Temperature1":28.7},"TempUnit":"C"}
15:04:25.657 CFG: Saved, Anzahl 48, Bytes 4096
15:04:30.012 MQT: tasmota/discovery/C049EFFA6938/config = {"ip":"192.168.1.182","dn":"Tasmota","fn":["NSPanel Flur","Tasmota2",null,null,null,null,null,null],"hn":"NSPanel-Flur","mac":"C049EFFA6938","md":"NSPanel Flur","ty":0,"if":0,"cam":0,"ofln":"Offline","onln":"Online","state":["OFF","ON","TOGGLE","HOLD"],"sw":"15.4.0","t":"tasmota_FA6938","ft":"nspanel/ns_panel1/%prefix%/","tp":["cmnd","stat","tele"],"rl":[1,1,0,0,0,0,0,0,0,0,0,0,0,0,0,0,0,0,0,0,0,0,0,0,0,0,0,0,0,0,0,0],"swc":[-1,-1,-1,-1,-1,-1,-1,-1,-1,-1,-1,-1,-1,-1,-1,-1,-1,-1,-1,-1,-1,-1,-1,-1,-1,-1,-1,-1,-1,-1,-1,-1],"swn":[null,null,null,null,null,null,null,null,null,null,null,null,null,null,null,null,null,null,null,null,null,null,null,null,null,null,null,null,null,null,null,null],"btn":[0,0,0,0,0,0,0,0,0,0,0,0,0,0,0,0,0,0,0,0,0,0,0,0,0,0,0,0,0,0,0,0],"so":{"4":0,"11":0,"13":0,"17":0,"20":0,"30":0,"68":0,"73":0,"82":0,"114":0,"117":0},"lk":0,"lt_st":0,"bat":0,"dslp":0,"sho":[],"sht":[],"ver":1} (beibehalten)
15:04:30.023 MQT: tasmota/discovery/C049EFFA6938/sensors = {"sn":{"Time":"2026-05-03T15:04:30","ANALOG":{"Temperature1":28.7},"TempUnit":"C"},"ver":1} (beibehalten)
15:04:42.292 WIF: Prüfe Verbindung…
15:05:02.292 WIF: Prüfe Verbindung…
15:05:22.292 WIF: Prüfe Verbindung…
15:05:42.295 WIF: Prüfe Verbindung…
15:05:58.142 HTP: Befehl
15:05:58.145 SRC: WebCommand from 192.168.178.65
15:05:58.146 CMD: Grp 0, Cmd 'WEBLOG', Idx 1, Len 1, Pld 4, Data '4'
15:05:58.151 MQT: nspanel/ns_panel1/stat/RESULT = {"WebLog":4}
15:05:59.586 SRC: MQTT
15:05:59.587 CMD: Grp 0, Cmd 'STATUS', Idx 0, Len 0, Pld -99, Data ''
15:05:59.614 BRY: GC from 19122 to 18336 bytes, objects freed 2/231 (in 1 ms) - slots from 170/304 to 167/304
15:05:59.637 MQT: nspanel/ns_panel1/stat/STATUS0 = {"Status":{"Module":0,"DeviceName":"Tasmota","FriendlyName":["NSPanel Flur","Tasmota2"],"Topic":"tasmota_FA6938","ButtonTopic":"0","Power":"10","PowerLock":"00","PowerOnState":3,"LedState":1,"LedMask":"FFFF","SaveData":1,"SaveState":1,"SwitchTopic":"0","SwitchMode":[0,0,0,0,0,0,0,0,0,0,0,0,0,0,0,0,0,0,0,0,0,0,0,0,0,0,0,0,0,0,0,0],"ButtonRetain":0,"SwitchRetain":0,"SensorRetain":0,"PowerRetain":0,"InfoRetain":0,"StateRetain":0,"StatusRetain":0},"StatusPRM":{"Baudrate":115200,"SerialConfig":"8N1","GroupTopic":"tasmotas","OtaUrl":"http://ota.tasmota.com/tasmota32/release/tasmota32-DE.bin","RestartReason":"Software reset CPU","Uptime":"0T00:01:45","StartupUTC":"2026-05-03T13:04:14","Sleep":50,"CfgHolder":4617,"BootCount":28,"BCResetTime":"2026-05-02T21:57:30","SaveCount":48},"StatusFWR":{"Version":"15.4.0(release-tasmota32)","BuildDateTime":"2026.04.22 12:07:35","Core":"3.3.7","SDK":"5.3.4.260127","CpuFrequency":160,"Hardware":"ESP32-D0WD-V3 v3.0","CR":"554/699"},"StatusLOG":{"SerialLog":2,"WebLog":4,"MqttLog":0,"FileLog":0,"SysLog":0,"LogHost":"","LogPort":514,"SSId":["kiemen-iot",""],"TelePeriod":300,"Resolution":"558180C0","SetOption":["00008009","2805C80001000600003C5A0A192800000000","00000080","20206000","00044000","00000000"]},"StatusMEM":{"ProgramSize":2070,"Free":809,"Heap":90,"StackLowMark":2,"PsrMax":0,"PsrFree":0,"ProgramFlashSize":4096,"FlashSize":4096,"FlashChipId":"16405E","FlashFrequency":80,"FlashMode":"DIO","Features":["0407","9F9AD7DF","0015A001","B7F7BFCF","05DA9BC4","E0360DC7","480840D2","20200000","D4BC482D","810A80F1","00200814"],"Drivers":"1,2,!3,!4,!5,7,!8,9,10,11,12,!14,!16,!17,!20,!21,24,26,!27,29,!34,!35,38,50,52,!59,!60,62,!63,!66,!67,!68,!73,!75,82,!86,!87,!88,!91,!121","Sensors":"1,2,3,5,6,7,8,9,10,11,12,13,14,15,17,18,19,20,21,22,26,31,34,37,39,40,42,43,45,51,52,55,56,58,59,64,66,67,74,85,92,95,98,103,105,109,119,127","I2CDriver":"7,8,9,10,11,12,13,14,15,17,18,20,24,29,31,36,41,42,44,46,48,58,62,65,69,76,77,82,89,97"},"StatusNET":{"Hostname":"NSPanel-Flur","IPAddress":"192.168.1.182","Gateway":"192.168.1.1","Subnetmask":"255.255.255.0","DNSServer1":"192.168.1.1","DNSServer2":"0.0.0.0","Mac":"C0:49:EF:FA:69:38","IP6Global":"","IP6Local":"fe80::c249:efff:fefa:6938%st2","Ethernet":{"Hostname":"","IPAddress":"0.0.0.0","Gateway":"0.0.0.0","Subnetmask":"0.0.0.0","DNSServer1":"192.168.1.1","DNSServer2":"0.0.0.0","Mac":"00:00:00:00:00:00","IP6Global":"","IP6Local":""},"Webserver":2,"HTTP_API":1,"WifiConfig":4,"WifiPower":16.0},"StatusMQT":{"MqttHost":"192.168.1.7","MqttPort":8883,"MqttClientMask":"NSPanel_Flur-FA6938","MqttClient":"NSPanel_Flur-FA6938","MqttUser":"FAVVZKtZlWZNAJk","MqttCount":1,"MqttTLS":1,"MAX_PACKET_SIZE":1200,"KEEPALIVE":30,"SOCKET_TIMEOUT":4},"StatusTIM":{"UTC":"2026-05-03T13:05:59Z","Local":"2026-05-03T15:05:59","StartDST":"2026-03-29T02:00:00","EndDST":"2026-10-25T03:00:00","Timezone":99,"Sunrise":"06:26","Sunset":"21:07"},"StatusSNS":{"Time":"2026-05-03T15:05:59","ANALOG":{"Temperature1":28.7},"TempUnit":"C"},"StatusSTS":{"Time":"2026-05-03T15:05:59","Uptime":"0T00:01:45","UptimeSec":105,"Heap":90,"SleepMode":"Dynamic","Sleep":50,"LoadAvg":42,"MqttCount":1,"Berry":{"HeapUsed":17,"Objects":231},"POWER1":"OFF","POWER2":"ON","Wifi":{"AP":1,"SSId":"kiemen-iot","BSSId":"94:2A:6F:7E:DD:62","Channel":1,"Mode":"HT20","RSSI":18,"Signal":-91,"LinkCount":1,"Downtime":"0T00:00:03"},"Hostname":"NSPanel-Flur","IPAddress":"192.168.1.182"}}
15:06:01.630 HTP: Befehl
15:06:01.634 SRC: WebCommand from 192.168.178.65
15:06:01.635 CMD: Grp 0, Cmd 'STATUS', Idx 1, Len 1, Pld 0, Data '0'
15:06:01.642 MQT: nspanel/ns_panel1/stat/STATUS = {"Status":{"Module":0,"DeviceName":"Tasmota","FriendlyName":["NSPanel Flur","Tasmota2"],"Topic":"tasmota_FA6938","ButtonTopic":"0","Power":"10","PowerLock":"00","PowerOnState":3,"LedState":1,"LedMask":"FFFF","SaveData":1,"SaveState":1,"SwitchTopic":"0","SwitchMode":[0,0,0,0,0,0,0,0,0,0,0,0,0,0,0,0,0,0,0,0,0,0,0,0,0,0,0,0,0,0,0,0],"ButtonRetain":0,"SwitchRetain":0,"SensorRetain":0,"PowerRetain":0,"InfoRetain":0,"StateRetain":0,"StatusRetain":0}}
15:06:01.690 MQT: nspanel/ns_panel1/stat/STATUS1 = {"StatusPRM":{"Baudrate":115200,"SerialConfig":"8N1","GroupTopic":"tasmotas","OtaUrl":"http://ota.tasmota.com/tasmota32/release/tasmota32-DE.bin","RestartReason":"Software reset CPU","Uptime":"0T00:01:47","StartupUTC":"2026-05-03T13:04:14","Sleep":50,"CfgHolder":4617,"BootCount":28,"BCResetTime":"2026-05-02T21:57:30","SaveCount":48}}
15:06:01.727 MQT: nspanel/ns_panel1/stat/STATUS2 = {"StatusFWR":{"Version":"15.4.0(release-tasmota32)","BuildDateTime":"2026.04.22 12:07:35","Core":"3.3.7","SDK":"5.3.4.260127","CpuFrequency":160,"Hardware":"ESP32-D0WD-V3 v3.0","CR":"554/699"}}
15:06:01.743 MQT: nspanel/ns_panel1/stat/STATUS3 = {"StatusLOG":{"SerialLog":2,"WebLog":4,"MqttLog":0,"FileLog":0,"SysLog":0,"LogHost":"","LogPort":514,"SSId":["kiemen-iot",""],"TelePeriod":300,"Resolution":"558180C0","SetOption":["00008009","2805C80001000600003C5A0A192800000000","00000080","20206000","00044000","00000000"]}}
15:06:01.791 MQT: nspanel/ns_panel1/stat/STATUS4 = {"StatusMEM":{"ProgramSize":2070,"Free":809,"Heap":85,"StackLowMark":2,"PsrMax":0,"PsrFree":0,"ProgramFlashSize":4096,"FlashSize":4096,"FlashChipId":"16405E","FlashFrequency":80,"FlashMode":"DIO","Features":["0407","9F9AD7DF","0015A001","B7F7BFCF","05DA9BC4","E0360DC7","480840D2","20200000","D4BC482D","810A80F1","00200814"],"Drivers":"1,2,!3,!4,!5,7,!8,9,10,11,12,!14,!16,!17,!20,!21,24,26,!27,29,!34,!35,38,50,52,!59,!60,62,!63,!66,!67,!68,!73,!75,82,!86,!87,!88,!91,!121","Sensors":"1,2,3,5,6,7,8,9,10,11,12,13,14,15,17,18,19,20,21,22,26,31,34,37,39,40,42,43,45,51,52,55,56,58,59,64,66,67,74,85,92,95,98,103,105,109,119,127","I2CDriver":"7,8,9,10,11,12,13,14,15,17,18,20,24,29,31,36,41,42,44,46,48,58,62,65,69,76,77,82,89,97"}}
15:06:01.865 MQT: nspanel/ns_panel1/stat/STATUS5 = {"StatusNET":{"Hostname":"NSPanel-Flur","IPAddress":"192.168.1.182","Gateway":"192.168.1.1","Subnetmask":"255.255.255.0","DNSServer1":"192.168.1.1","DNSServer2":"0.0.0.0","Mac":"C0:49:EF:FA:69:38","IP6Global":"","IP6Local":"fe80::c249:efff:fefa:6938%st2","Ethernet":{"Hostname":"","IPAddress":"0.0.0.0","Gateway":"0.0.0.0","Subnetmask":"0.0.0.0","DNSServer1":"192.168.1.1","DNSServer2":"0.0.0.0","Mac":"00:00:00:00:00:00","IP6Global":"","IP6Local":""},"Webserver":2,"HTTP_API":1,"WifiConfig":4,"WifiPower":16.0}}
15:06:01.913 MQT: nspanel/ns_panel1/stat/STATUS6 = {"StatusMQT":{"MqttHost":"192.168.1.7","MqttPort":8883,"MqttClientMask":"NSPanel_Flur-FA6938","MqttClient":"NSPanel_Flur-FA6938","MqttUser":"FAVVZKtZlWZNAJk","MqttCount":1,"MqttTLS":1,"MAX_PACKET_SIZE":1200,"KEEPALIVE":30,"SOCKET_TIMEOUT":4}}
15:06:01.940 MQT: nspanel/ns_panel1/stat/STATUS7 = {"StatusTIM":{"UTC":"2026-05-03T13:06:01Z","Local":"2026-05-03T15:06:01","StartDST":"2026-03-29T02:00:00","EndDST":"2026-10-25T03:00:00","Timezone":99,"Sunrise":"06:26","Sunset":"21:07"}}
15:06:01.963 MQT: nspanel/ns_panel1/stat/STATUS10 = {"StatusSNS":{"Time":"2026-05-03T15:06:01","ANALOG":{"Temperature1":28.7},"TempUnit":"C"}}
15:06:01.976 BRY: GC from 25042 to 18336 bytes, objects freed 10/231 (in 1 ms) - slots from 169/304 to 167/304
15:06:01.982 MQT: nspanel/ns_panel1/stat/STATUS11 = {"StatusSTS":{"Time":"2026-05-03T15:06:01","Uptime":"0T00:01:47","UptimeSec":107,"Heap":82,"SleepMode":"Dynamic","Sleep":50,"LoadAvg":41,"MqttCount":1,"Berry":{"HeapUsed":17,"Objects":231},"POWER1":"OFF","POWER2":"ON","Wifi":{"AP":1,"SSId":"kiemen-iot","BSSId":"94:2A:6F:7E:DD:62","Channel":1,"Mode":"HT20","RSSI":20,"Signal":-90,"LinkCount":1,"Downtime":"0T00:00:03"},"Hostname":"NSPanel-Flur","IPAddress":"192.168.1.182"}}
15:06:05.217 WIF: Prüfe Verbindung…
15:06:25.216 WIF: Prüfe Verbindung…
15:06:45.217 WIF: Prüfe Verbindung…
15:06:55.069 CMD: FlashNextionAdv0 http://nspanel.de/nspanel-v5.1.1.tft
15:06:55.070 SRC: WebConsole from 192.168.178.24
15:06:55.071 CMD: Grp 0, Cmd 'FLASHNEXTIONADV', Idx 0, Len 36, Pld -99, Data 'http://nspanel.de/nspanel-v5.1.1.tft'
15:06:55.079 MQT: nspanel/ns_panel1/stat/RESULT = {"FlashNextionAdv":"Done"}
15:06:55.098 FLH: host: nspanel.de, port: 80, get: /nspanel-v5.1.1.tft
15:06:55.111 WIF: DNS resolved 'nspanel.de' (185.30.32.67) in 12 ms
15:06:55.210 FLH: Connected:true
15:06:55.312 FLH: Retry 2
15:06:55.314 FLH: initial readbytes returned 1436 bytes
15:06:55.338 BRY: GC from 28654 to 20573 bytes, objects freed 84/243 (in 7 ms) - slots from 239/304 to 179/304
15:06:55.387 BRY: GC from 30887 to 20573 bytes, objects freed 162/243 (in 13 ms) - slots from 233/304 to 179/304
15:06:55.436 BRY: GC from 30887 to 20573 bytes, objects freed 162/243 (in 15 ms) - slots from 233/304 to 179/304
15:06:55.484 BRY: GC from 30887 to 20573 bytes, objects freed 162/243 (in 14 ms) - slots from 233/304 to 179/304
15:06:55.533 BRY: GC from 30887 to 20573 bytes, objects freed 162/243 (in 14 ms) - slots from 233/304 to 179/304
15:06:55.551 FLH: header found at byte 262 (header=269 B, body remainder=1167 B)
15:06:55.552 FLH: HTTP Respose is 200 OK or 206 Partial Content
15:06:55.552 FLH: find('Content-Length: ') = 82
15:06:55.553 FLH: content-length slice = '12227824' (len=8)
15:06:55.554 FLH: int(s) = 12227824
15:06:55.554 FLH: Flash file size: 12227824
15:06:55.555 SRC: Berry
15:06:55.556 CMD: Grp 0, Cmd 'RULETIMER', Idx 3, Len 1, Pld 0, Data '0'
15:06:55.562 MQT: nspanel/ns_panel1/stat/RESULT = {"T1":0,"T2":0,"T3":0,"T4":0,"T5":0,"T6":0,"T7":0,"T8":0}
15:06:55.565 SRC: Berry
15:06:55.566 CMD: Grp 0, Cmd 'RULE', Idx 3, Len 1, Pld 0, Data '0'
15:06:55.572 MQT: nspanel/ns_panel1/stat/RESULT = {"Rule3":{"State":"OFF","Once":"OFF","StopOnError":"OFF","Length":285,"Free":226,"Rules":"ON CustomSend DO RuleTimer3 140 ENDON ON Rules#Timer=3 DO CustomSend pageType~pageStartup ENDON ON Button1#state do Publish nspanel/ns_panel1/tele/RESULT {\"CustomRecv\":\"event,button1\"} ENDON ON Button2#state do Publish nspanel/ns_panel1/tele/RESULT {\"CustomRecv\":\"event,button2\"} ENDON"}}
15:06:55.608 NXP: Nextion command sent = bytes('4452414B4A485355594447424E434A48474A4B534842444EFFFFFF')
15:06:55.610 NXP: Nextion command sent = bytes('7265636D6F643D30FFFFFF')
15:06:55.620 BRY: GC from 30871 to 20223 bytes, objects freed 103/236 (in 8 ms) - slots from 239/304 to 174/304
15:06:55.621 NXP: Nextion command sent = bytes('636F6E6E656374FFFFFF')
15:06:55.626 NXP: Received Raw = bytes('1AFFFFFF')
15:06:55.628 FLH: UNKNOWN display response in flash_mode (size=4, hex=bytes('1AFFFFFF'))
15:08:27.552 FLH: Wait for available...
15:08:27.603 FLH: Wait for available...
15:08:27.654 FLH: Wait for available...
15:08:27.705 FLH: Wait for available...
15:08:27.756 FLH: Wait for available...
15:08:27.807 FLH: Wait for available...
15:08:27.858 FLH: Wait for available...
15:08:27.909 FLH: Wait for available...
15:08:27.960 FLH: Wait for available...
15:08:28.011 FLH: Wait for available...
15:08:28.062 FLH: Wait for available...
15:08:28.113 FLH: Wait for available...
15:08:28.164 FLH: Wait for available...
15:08:28.215 FLH: Wait for available...
15:08:28.266 FLH: Wait for available...
15:08:28.317 FLH: Wait for available...
15:08:28.368 FLH: Wait for available...
15:08:28.419 FLH: Wait for available...
15:08:28.470 FLH: Wait for available...
15:08:28.521 FLH: Wait for available...
15:08:28.572 FLH: Wait for available...
15:08:28.623 FLH: Wait for available...
15:08:28.674 FLH: Wait for available...
15:08:28.725 FLH: Wait for available...
15:08:28.776 FLH: Wait for available...
15:08:28.827 FLH: Wait for available...
15:08:28.878 FLH: Wait for available...
15:08:28.929 FLH: Wait for available...
15:08:28.980 FLH: Wait for available...
15:08:29.031 FLH: Wait for available...
15:08:29.082 FLH: Wait for available...
15:08:29.133 FLH: Wait for available...
15:08:29.184 FLH: Wait for available...
15:08:29.235 FLH: Wait for available...
15:08:29.286 FLH: Wait for available...
15:08:29.337 FLH: Wait for available...
15:08:29.388 FLH: Wait for available...
15:08:29.439 FLH: Wait for available...
15:08:29.490 FLH: Wait for available...
15:08:29.541 FLH: Wait for available...
15:08:29.592 FLH: Wait for available...
15:08:29.643 FLH: Wait for available...
15:08:29.694 FLH: Wait for available...
15:08:29.744 FLH: Wait for available...
15:08:29.795 FLH: Wait for available...
15:08:29.845 FLH: Wait for available...
15:08:29.895 FLH: Wait for available...
15:08:29.946 FLH: Wait for available...
15:08:29.996 FLH: Wait for available...
15:08:30.047 FLH: Wait for available...
15:08:30.097 FLH: Wait for available...
15:08:30.148 FLH: Wait for available...
15:08:30.199 FLH: Wait for available...
15:08:30.202 BRY: GC from 43749 to 23664 bytes, objects freed 19/236 (in 2 ms) - slots from 185/304 to 172/304
15:08:30.206 FLH: waited 130 iters (6607 ms) for tcp data, buf=4781 tcp_conn=true
15:08:30.209 BRY: GC from 34816 to 27979 bytes, objects freed 4/239 (in 1 ms) - slots from 181/304 to 172/304
15:08:30.300 FLH: Read block - Writing: 4096 - Total: 10559488 - Buffer size: 685
15:08:30.302 FLH: write_block EXIT remain=1668336 tcp_conn=true
15:08:30.572 NXP: Received Raw = bytes('05')
15:08:30.575 FLH: write_block ENTER buf=685 written=10559488 size=12227824 tcp_conn=true avail=4308
15:08:30.580 BRY: GC from 38808 to 27863 bytes, objects freed 16/238 (in 2 ms) - slots from 186/304 to 172/304
15:08:30.675 FLH: Read block - Writing: 4096 - Total: 10563584 - Buffer size: 685
15:08:30.678 BRY: GC from 38106 to 23769 bytes, objects freed 8/238 (in 1 ms) - slots from 177/304 to 173/304
15:08:30.679 FLH: write_block EXIT remain=1664240 tcp_conn=true
15:08:31.532 NXP: Received Raw = bytes('05')
15:08:31.535 FLH: write_block ENTER buf=685 written=10563584 size=12227824 tcp_conn=true avail=5956
15:08:31.541 BRY: GC from 38216 to 27851 bytes, objects freed 12/237 (in 2 ms) - slots from 184/304 to 172/304
15:08:31.636 FLH: Read block - Writing: 4096 - Total: 10567680 - Buffer size: 685
15:08:31.638 FLH: write_block EXIT remain=1660144 tcp_conn=true
15:08:31.763 NXP: Received Raw = bytes('05')
15:08:31.766 FLH: write_block ENTER buf=685 written=10567680 size=12227824 tcp_conn=true avail=1860
15:08:31.771 BRY: GC from 38385 to 23391 bytes, objects freed 16/238 (in 2 ms) - slots from 187/304 to 172/304
15:08:31.823 FLH: Wait for available...
15:08:31.874 FLH: Wait for available...
15:08:31.927 FLH: Wait for available...
15:08:31.978 FLH: Wait for available...
15:08:32.029 FLH: Wait for available...
15:08:32.080 FLH: Wait for available...
15:08:32.131 FLH: Wait for available...
15:08:32.182 FLH: Wait for available...
15:08:32.233 FLH: Wait for available...
15:08:32.284 FLH: Wait for available...
15:08:32.335 FLH: Wait for available...
15:08:32.386 FLH: Wait for available...
15:08:32.437 FLH: Wait for available...
15:08:32.488 FLH: Wait for available...
15:08:32.539 FLH: Wait for available...
15:08:32.590 FLH: Wait for available...
15:08:32.593 BRY: GC from 37031 to 26960 bytes, objects freed 6/236 (in 2 ms) - slots from 172/304 to 172/304
15:08:32.598 BRY: GC from 39266 to 26968 bytes, objects freed 3/236 (in 1 ms) - slots from 173/304 to 173/304
15:08:32.600 FLH: waited 16 iters (830 ms) for tcp data, buf=8077 tcp_conn=true
15:08:32.694 FLH: Read block - Writing: 4096 - Total: 10571776 - Buffer size: 3981
15:08:32.696 FLH: write_block EXIT remain=1656048 tcp_conn=true
15:08:33.297 NXP: Received Raw = bytes('05')
15:08:33.301 BRY: GC from 37213 to 22955 bytes, objects freed 13/237 (in 1 ms) - slots from 193/304 to 173/304
15:08:33.303 FLH: write_block ENTER buf=3981 written=10571776 size=12227824 tcp_conn=true avail=5956
15:08:33.309 BRY: GC from 39706 to 31147 bytes, objects freed 6/237 (in 0 ms) - slots from 174/304 to 172/304
15:08:33.403 FLH: Read block - Writing: 4096 - Total: 10575872 - Buffer size: 3981
15:08:33.405 FLH: write_block EXIT remain=1651952 tcp_conn=true
15:08:33.541 NXP: Received Raw = bytes('05')
15:08:33.544 FLH: write_block ENTER buf=3981 written=10575872 size=12227824 tcp_conn=true avail=1860
15:08:33.547 BRY: GC from 43047 to 24723 bytes, objects freed 16/236 (in 1 ms) - slots from 186/304 to 172/304
15:08:33.554 BRY: GC from 36783 to 30874 bytes, objects freed 2/239 (in 0 ms) - slots from 172/304 to 172/304
15:08:33.646 FLH: Read block - Writing: 4096 - Total: 10579968 - Buffer size: 1745
15:08:33.648 FLH: write_block EXIT remain=1647856 tcp_conn=true
15:08:35.517 NXP: Received Raw = bytes('05')
15:08:35.521 FLH: write_block ENTER buf=1745 written=10579968 size=12227824 tcp_conn=true avail=5744
15:08:35.526 BRY: GC from 42734 to 28923 bytes, objects freed 16/238 (in 2 ms) - slots from 186/304 to 172/304
15:08:35.622 BRY: GC from 40832 to 24778 bytes, objects freed 6/237 (in 1 ms) - slots from 173/304 to 173/304
15:08:35.624 FLH: Read block - Writing: 4096 - Total: 10584064 - Buffer size: 1745
15:08:35.626 FLH: write_block EXIT remain=1643760 tcp_conn=true
15:08:35.656 NXP: Received Raw = bytes('05')
15:08:35.659 FLH: write_block ENTER buf=1745 written=10584064 size=12227824 tcp_conn=true avail=1648
15:08:35.713 FLH: Wait for available...
15:08:35.764 FLH: Wait for available...
15:08:35.815 FLH: Wait for available...
15:08:35.866 FLH: Wait for available...
15:08:35.917 FLH: Wait for available...
15:08:35.968 FLH: Wait for available...
15:08:36.019 FLH: Wait for available...
15:08:36.070 FLH: Wait for available...
15:08:36.121 FLH: Wait for available...
15:08:36.172 FLH: Wait for available...
15:08:36.223 FLH: Wait for available...
15:08:36.274 FLH: Wait for available...
15:08:36.325 FLH: Wait for available...
15:08:36.376 FLH: Wait for available...
15:08:36.427 FLH: Wait for available...
15:08:36.478 FLH: Wait for available...
15:08:36.529 FLH: Wait for available...
15:08:36.580 FLH: Wait for available...
15:08:36.631 FLH: Wait for available...
15:08:36.682 FLH: Wait for available...
15:08:36.733 FLH: Wait for available...
15:08:36.784 FLH: Wait for available...
15:08:36.835 FLH: Wait for available...
15:08:36.886 FLH: Wait for available...
15:08:36.937 FLH: Wait for available...
15:08:36.988 FLH: Wait for available...
15:08:37.039 FLH: Wait for available...
15:08:37.090 FLH: Wait for available...
15:08:37.141 FLH: Wait for available...
15:08:37.192 FLH: Wait for available...
15:08:37.243 FLH: Wait for available...
15:08:37.294 FLH: Wait for available...
15:08:37.345 FLH: Wait for available...
15:08:37.396 FLH: Wait for available...
15:08:37.447 FLH: Wait for available...
15:08:37.498 FLH: Wait for available...
15:08:37.549 FLH: Wait for available...
15:08:37.600 FLH: Wait for available...
15:08:37.651 FLH: Wait for available...
15:08:37.701 FLH: Wait for available...
15:08:37.751 FLH: Wait for available...
15:08:37.802 FLH: Wait for available...
15:08:37.852 FLH: Wait for available...
15:08:37.903 FLH: Wait for available...
15:08:37.953 FLH: Wait for available...
15:08:38.003 FLH: Wait for available...
15:08:38.054 FLH: Wait for available...
15:08:38.105 FLH: Wait for available...
15:08:38.156 FLH: Wait for available...
15:08:38.207 FLH: Wait for available...
15:08:38.258 FLH: Wait for available...
15:08:38.308 FLH: Wait for available...
15:08:38.359 FLH: Wait for available...
15:08:38.410 FLH: Wait for available...
15:08:38.460 FLH: Wait for available...
15:08:38.511 FLH: Wait for available...
15:08:38.561 FLH: Wait for available...
15:08:38.612 FLH: Wait for available...
15:08:38.662 FLH: Wait for available...
15:08:38.712 FLH: Wait for available...
15:08:38.716 BRY: GC from 36338 to 25252 bytes, objects freed 15/238 (in 2 ms) - slots from 187/304 to 172/304
15:08:38.719 FLH: waited 60 iters (3057 ms) for tcp data, buf=4829 tcp_conn=true
15:08:38.813 BRY: GC from 35704 to 23766 bytes, objects freed 8/237 (in 1 ms) - slots from 182/304 to 173/304
15:08:38.814 FLH: Read block - Writing: 4096 - Total: 10588160 - Buffer size: 733
15:08:38.815 FLH: write_block EXIT remain=1639664 tcp_conn=true
15:08:39.526 NXP: Received Raw = bytes('05')
15:08:39.529 FLH: write_block ENTER buf=733 written=10588160 size=12227824 tcp_conn=true avail=5744
15:08:39.535 BRY: GC from 38686 to 27899 bytes, objects freed 14/237 (in 1 ms) - slots from 186/304 to 172/304
15:08:39.629 FLH: Read block - Writing: 4096 - Total: 10592256 - Buffer size: 733
15:08:39.630 FLH: write_block EXIT remain=1635568 tcp_conn=true
15:08:44.170 FLH: Wait for available...
15:08:44.221 FLH: Wait for available...
15:08:44.272 FLH: Wait for available...
15:08:44.323 FLH: Wait for available...
15:08:44.374 FLH: Wait for available...
15:08:44.425 FLH: Wait for available...
15:08:44.476 FLH: Wait for available...
15:08:44.527 FLH: Wait for available...
15:08:44.578 FLH: Wait for available...
15:08:44.629 FLH: Wait for available...
15:08:44.680 FLH: Wait for available...
15:08:44.731 FLH: Wait for available...
15:08:44.782 FLH: Wait for available...
15:08:44.833 FLH: Wait for available...
15:08:44.884 FLH: Wait for available...
15:08:44.935 FLH: Wait for available...
15:08:44.986 FLH: Wait for available...
15:08:45.037 FLH: Wait for available...
15:08:45.088 FLH: Wait for available...
15:08:45.139 FLH: Wait for available...
15:08:45.190 FLH: Wait for available...
15:08:45.241 FLH: Wait for available...
15:08:45.292 FLH: Wait for available...
15:08:45.342 FLH: Wait for available...
15:08:45.393 FLH: Wait for available...
15:08:45.443 FLH: Wait for available...
15:08:52.233 NXP: Received Raw = bytes('05')
15:08:52.236 FLH: write_block ENTER buf=1205 written=10625024 size=12227824 tcp_conn=true avail=4308
15:08:52.240 BRY: GC from 36086 to 24183 bytes, objects freed 17/236 (in 1 ms) - slots from 194/304 to 172/304
15:08:52.247 BRY: GC from 37939 to 32570 bytes, objects freed 2/239 (in 1 ms) - slots from 172/304 to 172/304
15:08:52.340 FLH: Read block - Writing: 4096 - Total: 10629120 - Buffer size: 1205
15:08:52.341 FLH: write_block EXIT remain=1598704 tcp_conn=true
15:08:53.187 NXP: Received Raw = bytes('05')
15:08:53.190 FLH: write_block ENTER buf=1205 written=10629120 size=12227824 tcp_conn=true avail=5956
15:08:53.197 BRY: GC from 43890 to 28383 bytes, objects freed 16/238 (in 1 ms) - slots from 186/304 to 172/304
15:08:53.293 BRY: GC from 39212 to 24238 bytes, objects freed 6/237 (in 1 ms) - slots from 173/304 to 173/304
15:08:53.294 FLH: Read block - Writing: 4096 - Total: 10633216 - Buffer size: 1205
15:08:53.296 FLH: write_block EXIT remain=1594608 tcp_conn=true
15:08:53.298 WIF: Prüfe Verbindung…
15:08:53.848 NXP: Received Raw = bytes('05')
15:08:53.851 FLH: write_block ENTER buf=1205 written=10633216 size=12227824 tcp_conn=true avail=3296
15:08:53.858 BRY: GC from 37242 to 26771 bytes, objects freed 14/237 (in 1 ms) - slots from 186/304 to 172/304
15:08:53.951 FLH: Read block - Writing: 4096 - Total: 10637312 - Buffer size: 405
15:08:53.952 FLH: write_block EXIT remain=1590512 tcp_conn=true
15:12:45.914 FLH: Wait for available...
15:12:45.965 FLH: Wait for available...
15:12:46.016 FLH: Wait for available...
15:12:46.067 FLH: Wait for available...
15:12:46.118 FLH: Wait for available...
15:12:46.169 FLH: Wait for available...
15:12:46.220 FLH: Wait for available...
15:12:46.271 FLH: Wait for available...
15:12:46.322 FLH: Wait for available...
15:12:46.373 FLH: Wait for available...
15:12:46.424 FLH: Wait for available...
15:12:46.475 FLH: Wait for available...
15:12:46.526 FLH: Wait for available...
15:12:46.577 FLH: Wait for available...
15:12:46.628 FLH: Wait for available...
15:12:46.679 FLH: Wait for available...
15:12:46.730 FLH: Wait for available...
15:12:46.781 FLH: Wait for available...
15:12:46.832 FLH: Wait for available...
15:12:46.883 FLH: Wait for available...
15:12:46.934 FLH: Wait for available...
15:12:46.985 FLH: Wait for available...
15:12:47.036 FLH: Wait for available...
15:12:47.087 FLH: Wait for available...
15:12:47.138 FLH: Wait for available...
15:12:47.189 FLH: Wait for available...
15:12:47.240 FLH: Wait for available...
15:12:47.291 FLH: Wait for available...
15:12:47.342 FLH: Wait for available...
15:12:47.393 FLH: Wait for available...
15:12:47.444 FLH: Wait for available...
15:12:47.495 FLH: Wait for available...
15:12:47.546 FLH: Wait for available...
15:12:47.597 FLH: Wait for available...
15:12:47.648 FLH: Wait for available...
15:12:47.699 FLH: Wait for available...
15:12:47.750 FLH: Wait for available...
15:12:47.801 FLH: Wait for available...
15:12:47.852 FLH: Wait for available...
15:12:47.903 FLH: Wait for available...
15:12:47.954 FLH: Wait for available...
15:12:48.005 FLH: Wait for available...
15:12:48.056 FLH: Wait for available...
15:12:48.107 FLH: Wait for available...
15:12:48.158 FLH: Wait for available...
15:12:48.209 FLH: Wait for available...
15:12:48.260 FLH: Wait for available...
15:12:48.311 FLH: Wait for available...
15:12:48.362 FLH: Wait for available...
15:12:48.413 FLH: Wait for available...
15:12:48.464 FLH: Wait for available...
15:12:48.515 FLH: Wait for available...
15:12:48.566 FLH: Wait for available...
15:12:48.617 FLH: Wait for available...
15:12:48.668 FLH: Wait for available...
15:12:48.719 FLH: Wait for available...
15:12:48.770 FLH: Wait for available...
15:12:48.821 FLH: Wait for available...
15:12:48.872 FLH: Wait for available...
15:12:48.923 FLH: Wait for available...
15:12:48.974 FLH: Wait for available...
15:12:49.025 FLH: Wait for available...
15:12:49.076 FLH: Wait for available...
15:12:49.127 FLH: Wait for available...
15:12:49.178 FLH: Wait for available...
15:13:04.516 WIF: Prüfe Verbindung…
15:13:24.516 WIF: Prüfe Verbindung…
15:13:44.517 WIF: Prüfe Verbindung…
15:14:04.516 WIF: Prüfe Verbindung…
15:14:12.718 BRY: GC from 22392 to 18841 bytes, objects freed 8/236 (in 1 ms) - slots from 188/304 to 171/304
15:14:12.727 MQT: nspanel/ns_panel1/tele/STATE = {"Time":"2026-05-03T15:14:12","Uptime":"0T00:09:58","UptimeSec":598,"Heap":73,"SleepMode":"Dynamic","Sleep":50,"LoadAvg":21,"MqttCount":1,"Berry":{"HeapUsed":18,"Objects":236},"POWER1":"OFF","POWER2":"ON","Wifi":{"AP":1,"SSId":"kiemen-iot","BSSId":"94:2A:6F:7E:DD:62","Channel":1,"Mode":"HT20","RSSI":18,"Signal":-91,"LinkCount":1,"Downtime":"0T00:00:03"},"Hostname":"NSPanel-Flur","IPAddress":"192.168.1.182"}
15:14:12.774 MQT: nspanel/ns_panel1/tele/SENSOR = {"Time":"2026-05-03T15:14:12","ANALOG":{"Temperature1":28.9},"TempUnit":"C"}
15:14:24.535 WIF: Prüfe Verbindung…
15:14:44.537 WIF: Prüfe Verbindung…
15:15:04.537 WIF: Prüfe Verbindung…
15:15:24.539 WIF: Prüfe Verbindung…